Using pre-set license
Built from '2020.3/release' branch; Version is '2020.3.1f1 (77a89f25062f) revision 7841951'; Using compiler version '192528614'; Build Type 'Release'
OS: 'Windows 10 Pro; OS build 19042.867; Version 2009; 64bit' Language: 'ru' Physical Memory: 24574 MB
BatchMode: 1, IsHumanControllingUs: 0, StartBugReporterOnCrash: 0, Is64bit: 1, IsPro: 0

 COMMAND LINE ARGUMENTS:
I:\Unity\Editor\2020.3.1f1\Editor\Unity.exe
-adb2
-batchMode
-noUpm
-name
AssetImportWorker0
-projectPath
J:/Coding/Unity/Pathway Junior Programmer/SuperAmazingShmupThing
-logFile
Logs/AssetImportWorker0.log
-srvPort
59583
Successfully changed project path to: J:/Coding/Unity/Pathway Junior Programmer/SuperAmazingShmupThing
J:/Coding/Unity/Pathway Junior Programmer/SuperAmazingShmupThing
Using Asset Import Pipeline V2.
Refreshing native plugins compatible for Editor in 35.33 ms, found 0 plugins.
Preloading 0 native plugins for Editor in 0.00 ms.
Initialize engine version: 2020.3.1f1 (77a89f25062f)
[Subsystems] Discovering subsystems at path I:/Unity/Editor/2020.3.1f1/Editor/Data/Resources/UnitySubsystems
[Subsystems] Discovering subsystems at path J:/Coding/Unity/Pathway Junior Programmer/SuperAmazingShmupThing/Assets
GfxDevice: creating device client; threaded=0
Direct3D:
    Version:  Direct3D 11.0 [level 11.1]
    Renderer: NVIDIA GeForce GTX 970 (ID=0x13c2)
    Vendor:   
    VRAM:     4043 MB
    Driver:   27.21.14.5671
Initialize mono
Mono path[0] = 'I:/Unity/Editor/2020.3.1f1/Editor/Data/Managed'
Mono path[1] = 'I:/Unity/Editor/2020.3.1f1/Editor/Data/MonoBleedingEdge/lib/mono/unityjit'
Mono config path = 'I:/Unity/Editor/2020.3.1f1/Editor/Data/MonoBleedingEdge/etc'
Using monoOptions --debugger-agent=transport=dt_socket,embedding=1,server=y,suspend=n,address=127.0.0.1:56960
Begin MonoManager ReloadAssembly
Registering precompiled unity dll's ...
Register platform support module: I:/Unity/Editor/2020.3.1f1/Editor/Data/PlaybackEngines/WebGLSupport/UnityEditor.WebGL.Extensions.dll
Register platform support module: I:/Unity/Editor/2020.3.1f1/Editor/Data/PlaybackEngines/WindowsStandaloneSupport/UnityEditor.WindowsStandalone.Extensions.dll
Registered in 0.002535 seconds.
Native extension for WindowsStandalone target not found
Native extension for WebGL target not found
Refreshing native plugins compatible for Editor in 37.23 ms, found 0 plugins.
Preloading 0 native plugins for Editor in 0.00 ms.
Invoked RoslynAnalysisRunner static constructor.
RoslynAnalysisRunner will not be running.
RoslynAnalysisRunner has terminated.
Mono: successfully reloaded assembly
- Completed reload, in  2.756 seconds
Platform modules already initialized, skipping
Registering precompiled user dll's ...
Registered in 0.001185 seconds.
Begin MonoManager ReloadAssembly
Native extension for WindowsStandalone target not found
Native extension for WebGL target not found
Refreshing native plugins compatible for Editor in 0.29 ms, found 0 plugins.
Preloading 0 native plugins for Editor in 0.00 ms.
Invoked RoslynAnalysisRunner static constructor.
RoslynAnalysisRunner will not be running.
RoslynAnalysisRunner has terminated.
Mono: successfully reloaded assembly
- Completed reload, in  1.353 seconds
Platform modules already initialized, skipping
========================================================================
Worker process is ready to serve import requests
Launched and connected shader compiler UnityShaderCompiler.exe after 0.08 seconds
Refreshing native plugins compatible for Editor in 0.43 ms, found 0 plugins.
Preloading 0 native plugins for Editor in 0.00 ms.
Unloading 1143 Unused Serialized files (Serialized files now loaded: 0)
System memory in use before: 57.6 MB.
System memory in use after: 57.7 MB.

Unloading 10 unused Assets to reduce memory usage. Loaded Objects now: 1585.
Total: 3.111200 ms (FindLiveObjects: 0.320200 ms CreateObjectMapping: 0.078200 ms MarkObjects: 2.582900 ms  DeleteObjects: 0.127700 ms)

========================================================================
Received Import Request.
  path: Assets/Scripts/EnemyComponents/EnemyMovementCubic.cs
  artifactKey: Guid(d7564e9251efaab4f9648c3af8338d52) Importer(815301076,1909f56bfc062723c751e8b465ee728b)
Start importing Assets/Scripts/EnemyComponents/EnemyMovementCubic.cs using Guid(d7564e9251efaab4f9648c3af8338d52) Importer(815301076,1909f56bfc062723c751e8b465ee728b)  -> (artifact id: '624de6ec37e2004796261ec39893997a') in 0.048090 seconds
  Import took 0.066545 seconds .

========================================================================
Received Import Request.
  Time since last request: 0.039970 seconds.
  path: Assets/Scripts/Interfaces/IUpdateable.cs
  artifactKey: Guid(49e17cdb8a03f8e42b3fbba1bc9670d5) Importer(815301076,1909f56bfc062723c751e8b465ee728b)
Start importing Assets/Scripts/Interfaces/IUpdateable.cs using Guid(49e17cdb8a03f8e42b3fbba1bc9670d5) Importer(815301076,1909f56bfc062723c751e8b465ee728b)  -> (artifact id: '25ae8b4183b8a0c20c6ad321facf798e') in 0.002792 seconds
  Import took 0.027384 seconds .

========================================================================
Received Import Request.
  Time since last request: 0.004529 seconds.
  path: Assets/Scripts/Interfaces/IMovementPLayer.cs
  artifactKey: Guid(e5b9ffacb1f082c4380f0bf68b2c5fe0) Importer(815301076,1909f56bfc062723c751e8b465ee728b)
Start importing Assets/Scripts/Interfaces/IMovementPLayer.cs using Guid(e5b9ffacb1f082c4380f0bf68b2c5fe0) Importer(815301076,1909f56bfc062723c751e8b465ee728b)  -> (artifact id: '7e3603c67330f398e3742aeb26cca236') in 0.002881 seconds
  Import took 0.019051 seconds .

========================================================================
Received Import Request.
  Time since last request: 0.042533 seconds.
  path: Assets/Scenes/SampleScene.unity
  artifactKey: Guid(9fc0d4010bbf28b4594072e72b8655ab) Importer(815301076,1909f56bfc062723c751e8b465ee728b)
Start importing Assets/Scenes/SampleScene.unity using Guid(9fc0d4010bbf28b4594072e72b8655ab) Importer(815301076,1909f56bfc062723c751e8b465ee728b)  -> (artifact id: 'dd828f988b80533389f68897294a2d1a') in 0.013821 seconds
  Import took 0.064905 seconds .

========================================================================
Received Import Request.
  Time since last request: 0.007366 seconds.
  path: Assets/Scripts/PlayerComponents/SingleShotPlayer.cs
  artifactKey: Guid(0ebaf7594e84e1f499b37da212faf686) Importer(815301076,1909f56bfc062723c751e8b465ee728b)
Start importing Assets/Scripts/PlayerComponents/SingleShotPlayer.cs using Guid(0ebaf7594e84e1f499b37da212faf686) Importer(815301076,1909f56bfc062723c751e8b465ee728b)  -> (artifact id: '9320b40a434eeff93657f826fa26dbd9') in 0.002950 seconds
  Import took 0.005755 seconds .

========================================================================
Received Import Request.
  Time since last request: 0.008761 seconds.
  path: Assets/Scripts/PlayerComponents/Player.cs
  artifactKey: Guid(efa820c51f9c26541bd9d8fa915609d4) Importer(815301076,1909f56bfc062723c751e8b465ee728b)
Start importing Assets/Scripts/PlayerComponents/Player.cs using Guid(efa820c51f9c26541bd9d8fa915609d4) Importer(815301076,1909f56bfc062723c751e8b465ee728b)  -> (artifact id: '33d13395de8ba833f4d87381c48cfbba') in 0.002459 seconds
  Import took 0.023985 seconds .

========================================================================
Received Import Request.
  Time since last request: 0.005308 seconds.
  path: Assets/Scripts/Controllers/GameController.cs
  artifactKey: Guid(2a3c44ab9b93d2541a5ac9b75c9e27b1) Importer(815301076,1909f56bfc062723c751e8b465ee728b)
Start importing Assets/Scripts/Controllers/GameController.cs using Guid(2a3c44ab9b93d2541a5ac9b75c9e27b1) Importer(815301076,1909f56bfc062723c751e8b465ee728b)  -> (artifact id: '1af1c35ee7279bb3518ad36736632aee') in 0.003511 seconds
  Import took 0.008129 seconds .

========================================================================
Received Import Request.
  Time since last request: 0.005017 seconds.
  path: Assets/Resources/Data/PlayerData.asset
  artifactKey: Guid(cd227adda6366c24b8c7198ff3baefd2) Importer(815301076,1909f56bfc062723c751e8b465ee728b)
Start importing Assets/Resources/Data/PlayerData.asset using Guid(cd227adda6366c24b8c7198ff3baefd2) Importer(815301076,1909f56bfc062723c751e8b465ee728b)  -> (artifact id: '2818ee0ecbf15b9cc14a6c9e0f62f32e') in 0.012931 seconds
  Import took 0.015670 seconds .

========================================================================
Received Import Request.
  Time since last request: 0.004145 seconds.
  path: Assets/Scripts/PlayerComponents/PlayerHealth.cs
  artifactKey: Guid(292f70f023d491b40ab5b8fcb4a92732) Importer(815301076,1909f56bfc062723c751e8b465ee728b)
Start importing Assets/Scripts/PlayerComponents/PlayerHealth.cs using Guid(292f70f023d491b40ab5b8fcb4a92732) Importer(815301076,1909f56bfc062723c751e8b465ee728b)  -> (artifact id: '7807814c707b6218d31cbf7b4063c8e3') in 0.002733 seconds
  Import took 0.005292 seconds .

========================================================================
Received Import Request.
  Time since last request: 0.006296 seconds.
  path: Assets/Scripts/Controllers/EnemyController.cs
  artifactKey: Guid(cac10cbd85bdaf94c97825384a71aca4) Importer(815301076,1909f56bfc062723c751e8b465ee728b)
Start importing Assets/Scripts/Controllers/EnemyController.cs using Guid(cac10cbd85bdaf94c97825384a71aca4) Importer(815301076,1909f56bfc062723c751e8b465ee728b)  -> (artifact id: '39c68e345970e3e7bc7f0e13278c40fb') in 0.002641 seconds
  Import took 0.005597 seconds .

========================================================================
Received Import Request.
  Time since last request: 0.004474 seconds.
  path: Assets/Scripts/EnemyComponents/EnemyMovementLinear.cs
  artifactKey: Guid(bf94df9d548da094db5ff46a7b47e893) Importer(815301076,1909f56bfc062723c751e8b465ee728b)
Start importing Assets/Scripts/EnemyComponents/EnemyMovementLinear.cs using Guid(bf94df9d548da094db5ff46a7b47e893) Importer(815301076,1909f56bfc062723c751e8b465ee728b)  -> (artifact id: 'b3518bcd3206b26e028c32d69ebedc5a') in 0.002847 seconds
  Import took 0.005661 seconds .

========================================================================
Received Import Request.
  Time since last request: 0.006057 seconds.
  path: Assets/Scripts/Factories/EnemyFactory.cs
  artifactKey: Guid(daea879f1680e484ea040012dbc1042c) Importer(815301076,1909f56bfc062723c751e8b465ee728b)
Start importing Assets/Scripts/Factories/EnemyFactory.cs using Guid(daea879f1680e484ea040012dbc1042c) Importer(815301076,1909f56bfc062723c751e8b465ee728b)  -> (artifact id: '1b0cd07bba23a42519387baa338ce84a') in 0.002764 seconds
  Import took 0.005848 seconds .

========================================================================
Received Import Request.
  Time since last request: 0.009545 seconds.
  path: Assets/Scripts/EnemyComponents/EnemyMovementQuadratic.cs
  artifactKey: Guid(ceb3a560500ef5c4ea0549af7d997acc) Importer(815301076,1909f56bfc062723c751e8b465ee728b)
Start importing Assets/Scripts/EnemyComponents/EnemyMovementQuadratic.cs using Guid(ceb3a560500ef5c4ea0549af7d997acc) Importer(815301076,1909f56bfc062723c751e8b465ee728b)  -> (artifact id: '2aa3a3ad4eddf7074f273fd45a7ab323') in 0.004583 seconds
  Import took 0.058474 seconds .

========================================================================
Received Import Request.
  Time since last request: 0.004332 seconds.
  path: Assets/Scripts/Pools/ObjectPoolManager.cs
  artifactKey: Guid(03e6c56a8619fda42959be4265c710c6) Importer(815301076,1909f56bfc062723c751e8b465ee728b)
Start importing Assets/Scripts/Pools/ObjectPoolManager.cs using Guid(03e6c56a8619fda42959be4265c710c6) Importer(815301076,1909f56bfc062723c751e8b465ee728b)  -> (artifact id: 'ac683e53d040dcfc3c0252ca802c0191') in 0.002924 seconds
  Import took 0.005890 seconds .

========================================================================
Received Import Request.
  Time since last request: 0.010654 seconds.
  path: Assets/Scripts/PlayerComponents/PlayerMovementNonPhys.cs
  artifactKey: Guid(1552ef98542efaf4aa7e8c7814c21b1a) Importer(815301076,1909f56bfc062723c751e8b465ee728b)
Start importing Assets/Scripts/PlayerComponents/PlayerMovementNonPhys.cs using Guid(1552ef98542efaf4aa7e8c7814c21b1a) Importer(815301076,1909f56bfc062723c751e8b465ee728b)  -> (artifact id: 'ccafff53f22744b6481cd5979df989d8') in 0.002864 seconds
  Import took 0.020211 seconds .

========================================================================
Received Import Request.
  Time since last request: 0.119333 seconds.
  path: Assets/Scripts/Controllers/PlayerController.cs
  artifactKey: Guid(e7589403cb2481448ad5db5348e2f1f6) Importer(815301076,1909f56bfc062723c751e8b465ee728b)
Start importing Assets/Scripts/Controllers/PlayerController.cs using Guid(e7589403cb2481448ad5db5348e2f1f6) Importer(815301076,1909f56bfc062723c751e8b465ee728b)  -> (artifact id: 'f18bbbd9c924d3204f4c23c6e80a6d8c') in 0.002866 seconds
  Import took 0.014362 seconds .

========================================================================
Received Import Request.
  Time since last request: 0.014898 seconds.
  path: Assets/Scripts/Pools/ObjectPool.cs
  artifactKey: Guid(c67cf35d8e7fc4d41b3f80593755837e) Importer(815301076,1909f56bfc062723c751e8b465ee728b)
Start importing Assets/Scripts/Pools/ObjectPool.cs using Guid(c67cf35d8e7fc4d41b3f80593755837e) Importer(815301076,1909f56bfc062723c751e8b465ee728b)  -> (artifact id: '2bc0a362e241e52e219a47644d7368b6') in 0.002755 seconds
  Import took 0.005237 seconds .

========================================================================
Received Import Request.
  Time since last request: 0.004687 seconds.
  path: Assets/Scripts/BulletBoundary.cs
  artifactKey: Guid(e4491155f98f7f142b05103fb3a97ccc) Importer(815301076,1909f56bfc062723c751e8b465ee728b)
Start importing Assets/Scripts/BulletBoundary.cs using Guid(e4491155f98f7f142b05103fb3a97ccc) Importer(815301076,1909f56bfc062723c751e8b465ee728b)  -> (artifact id: '6c843c98019fbcc43f8ad8c7c9815c67') in 0.002709 seconds
  Import took 0.007257 seconds .

========================================================================
Received Import Request.
  Time since last request: 0.005427 seconds.
  path: Assets/Scripts/Data/PlayerData.cs
  artifactKey: Guid(a968b37ffff3aee4f83b6bc0c9f195a0) Importer(815301076,1909f56bfc062723c751e8b465ee728b)
Start importing Assets/Scripts/Data/PlayerData.cs using Guid(a968b37ffff3aee4f83b6bc0c9f195a0) Importer(815301076,1909f56bfc062723c751e8b465ee728b)  -> (artifact id: 'a4e6ee54476cf16652bf0f0689e6d0a2') in 0.003414 seconds
  Import took 0.019675 seconds .

========================================================================
Received Import Request.
  Time since last request: 0.004849 seconds.
  path: Assets/Scripts/PlayerComponents/PlayerCollider.cs
  artifactKey: Guid(7c2a78c2e380f7b4a8b64c75e3589b96) Importer(815301076,1909f56bfc062723c751e8b465ee728b)
Start importing Assets/Scripts/PlayerComponents/PlayerCollider.cs using Guid(7c2a78c2e380f7b4a8b64c75e3589b96) Importer(815301076,1909f56bfc062723c751e8b465ee728b)  -> (artifact id: 'a95066ab52ad5c65861a6e078b545708') in 0.002859 seconds
  Import took 0.009320 seconds .

========================================================================
Received Import Request.
  Time since last request: 0.004407 seconds.
  path: Assets/Scripts/EnemyComponents/SingleShotStraightEnemy.cs
  artifactKey: Guid(afc28afc6ee47494ab51823f5c5ee2a9) Importer(815301076,1909f56bfc062723c751e8b465ee728b)
Start importing Assets/Scripts/EnemyComponents/SingleShotStraightEnemy.cs using Guid(afc28afc6ee47494ab51823f5c5ee2a9) Importer(815301076,1909f56bfc062723c751e8b465ee728b)  -> (artifact id: 'c9a82e09e97c38823de13a7ae16a8648') in 0.003175 seconds
  Import took 0.007503 seconds .

========================================================================
Received Import Request.
  Time since last request: 0.008045 seconds.
  path: Assets/Scripts/MagicStrings.cs
  artifactKey: Guid(6f7c2ec46937f774ba73a30fc4f09703) Importer(815301076,1909f56bfc062723c751e8b465ee728b)
Start importing Assets/Scripts/MagicStrings.cs using Guid(6f7c2ec46937f774ba73a30fc4f09703) Importer(815301076,1909f56bfc062723c751e8b465ee728b)  -> (artifact id: '982cc1b6c318cba3a52342855bb455d8') in 0.002810 seconds
  Import took 0.006703 seconds .

========================================================================
Received Import Request.
  Time since last request: 0.041824 seconds.
  path: Assets/Scripts/EnemyComponents/Enemy.cs
  artifactKey: Guid(ec7e2f4b3a2d06643aa921ab584d3627) Importer(815301076,1909f56bfc062723c751e8b465ee728b)
Start importing Assets/Scripts/EnemyComponents/Enemy.cs using Guid(ec7e2f4b3a2d06643aa921ab584d3627) Importer(815301076,1909f56bfc062723c751e8b465ee728b)  -> (artifact id: 'b228b29589055a30f33a7a2b4364da48') in 0.002520 seconds
  Import took 0.021122 seconds .

========================================================================
Received Import Request.
  Time since last request: 0.008867 seconds.
  path: Assets/Scripts/Pools/EnemyPool.cs
  artifactKey: Guid(4d36095bdb797c9468dd4f01d34c1d68) Importer(815301076,1909f56bfc062723c751e8b465ee728b)
Start importing Assets/Scripts/Pools/EnemyPool.cs using Guid(4d36095bdb797c9468dd4f01d34c1d68) Importer(815301076,1909f56bfc062723c751e8b465ee728b)  -> (artifact id: 'fc63e8d144eab3fec78e6a659ca72426') in 0.004474 seconds
  Import took 0.007959 seconds .

AssetImportWorkerClient::OnTransportError - code=2 error=End of file
